\BOOKMARK [0][-]{chapter.listoftables.1}{Introdu\347\343o}{}% 1
\BOOKMARK [1][-]{section.listoftables.1.1}{Objetivo Geral e espec\355fico}{chapter.listoftables.1}% 2
\BOOKMARK [1][-]{section.listoftables.1.2}{Justificativa}{chapter.listoftables.1}% 3
\BOOKMARK [0][-]{chapter.listoftables.2}{FUNDAMENTA\307\303O TE\323RICA}{}% 4
\BOOKMARK [1][-]{section.listoftables.2.1}{Processamento Digital de Imagens}{chapter.listoftables.2}% 5
\BOOKMARK [2][-]{subsection.listoftables.2.1.1}{Representa\347\343o de Imagens Digitais}{section.listoftables.2.1}% 6
\BOOKMARK [2][-]{subsection.listoftables.2.1.2}{Vizinhan\347a e Conectividade}{section.listoftables.2.1}% 7
\BOOKMARK [1][-]{section.listoftables.2.2}{Ciclo de Gonzalez}{chapter.listoftables.2}% 8
\BOOKMARK [2][-]{subsection.listoftables.2.2.1}{Aquisi\347\343o de imagem}{section.listoftables.2.2}% 9
\BOOKMARK [2][-]{subsection.listoftables.2.2.2}{Pr\351-processamento}{section.listoftables.2.2}% 10
\BOOKMARK [2][-]{subsection.listoftables.2.2.3}{Segmenta\347\343o}{section.listoftables.2.2}% 11
\BOOKMARK [2][-]{subsection.listoftables.2.2.4}{Representa\347\343o e Descri\347\343o}{section.listoftables.2.2}% 12
\BOOKMARK [2][-]{subsection.listoftables.2.2.5}{Reconhecimento}{section.listoftables.2.2}% 13
\BOOKMARK [1][-]{section.listoftables.2.3}{Detec\347\343o de Bordas}{chapter.listoftables.2}% 14
\BOOKMARK [1][-]{section.listoftables.2.4}{Corre\347\343o de Perspectiva}{chapter.listoftables.2}% 15
\BOOKMARK [0][-]{chapter.listoftables.3}{Metodologia}{}% 16
\BOOKMARK [0][-]{chapter.listoftables.4}{Recursos de Hardware e Software}{}% 17
\BOOKMARK [1][-]{section.listoftables.4.1}{Recursos de Hardware}{chapter.listoftables.4}% 18
\BOOKMARK [1][-]{section.listoftables.4.2}{Recursos de Software}{chapter.listoftables.4}% 19
\BOOKMARK [0][-]{chapter.listoftables.5}{Viabilidade e Cronograma Preliminar}{}% 20
\BOOKMARK [1][-]{section.listoftables.5.1}{Viabilidade}{chapter.listoftables.5}% 21
\BOOKMARK [1][-]{section.listoftables.5.2}{Cronograma Preliminar}{chapter.listoftables.5}% 22
\BOOKMARK [0][-]{chapter.listoftables.6}{Conclus\365es}{}% 23
